

Microchip MPLAB XC8 Assembler V2.41 build 20230208172133 
                                                                                               Sat Jul 08 21:20:04 2023

Microchip MPLAB XC8 C Compiler v2.41 (Free license) build 20230208172133 Og1 
     1                           	processor	16F18877
     2                           	pagewidth 120
     3                           	opt	flic
     4                           	psect	cinit,global,class=CODE,merge=1,delta=2
     5                           	psect	cstackCOMMON,global,class=COMMON,space=1,delta=1,noexec
     6                           	psect	maintext,global,class=CODE,merge=1,split=1,delta=2
     7                           	psect	config,global,abs,ovrld,class=CONFIG,space=4,delta=2,noexec
     8                           	dabs	1,0x7E,2
     9     0000                     
    10                           ; Generated 09/02/2023 GMT
    11                           ; 
    12                           ; Copyright © 2023, Microchip Technology Inc. and its subsidiaries ("Microchip")
    13                           ; All rights reserved.
    14                           ; 
    15                           ; This software is developed by Microchip Technology Inc. and its subsidiaries ("Microch
      +                          ip").
    16                           ; 
    17                           ; Redistribution and use in source and binary forms, with or without modification, are
    18                           ; permitted provided that the following conditions are met:
    19                           ; 
    20                           ;     1. Redistributions of source code must retain the above copyright notice, this lis
      +                          t of
    21                           ;        conditions and the following disclaimer.
    22                           ; 
    23                           ;     2. Redistributions in binary form must reproduce the above copyright notice, this 
      +                          list
    24                           ;        of conditions and the following disclaimer in the documentation and/or other
    25                           ;        materials provided with the distribution. Publication is not required when
    26                           ;        this file is used in an embedded application.
    27                           ; 
    28                           ;     3. Microchip's name may not be used to endorse or promote products derived from th
      +                          is
    29                           ;        software without specific prior written permission.
    30                           ; 
    31                           ; THIS SOFTWARE IS PROVIDED BY MICROCHIP "AS IS" AND ANY EXPRESS OR IMPLIED WARRANTIES,
    32                           ; INCLUDING, BUT NOT LIMITED TO, THE IMPLIED WARRANTIES OF MERCHANTABILITY AND FITNESS F
      +                          OR
    33                           ; PURPOSE ARE DISCLAIMED.  IN NO EVENT SHALL MICROCHIP BE LIABLE FOR ANY DIRECT, INDIREC
      +                          T,
    34                           ; INCIDENTAL, SPECIAL, EXEMPLARY, OR CONSEQUENTIAL DAMAGES (INCLUDING BUT NOT LIMITED TO
    35                           ; PROCUREMENT OF SUBSTITUTE GOODS OR SERVICES; LOSS OF USE, DATA OR PROFITS; OR BUSINESS
    36                           ; INTERRUPTION) HOWSOEVER CAUSED AND ON ANY THEORY OF LIABILITY, WHETHER IN CONTRACT, ST
      +                          RICT
    37                           ; LIABILITY, OR TORT (INCLUDING NEGLIGENCE OR OTHERWISE) ARISING IN ANY WAY OUT OF THE U
      +                          SE OF
    38                           ; THIS SOFTWARE, EVEN IF ADVISED OF THE POSSIBILITY OF SUCH DAMAGE.
    39                           ; 
    40                           ; 
    41                           ; Code-generator required, PIC16F18877 Definitions
    42                           ; 
    43                           ; SFR Addresses
    44     0000                     	;# 
    45     0001                     	;# 
    46     0002                     	;# 
    47     0003                     	;# 
    48     0004                     	;# 
    49     0005                     	;# 
    50     0006                     	;# 
    51     0007                     	;# 
    52     0008                     	;# 
    53     0009                     	;# 
    54     000A                     	;# 
    55     000B                     	;# 
    56     000C                     	;# 
    57     000D                     	;# 
    58     000E                     	;# 
    59     000F                     	;# 
    60     0010                     	;# 
    61     0011                     	;# 
    62     0012                     	;# 
    63     0013                     	;# 
    64     0014                     	;# 
    65     0015                     	;# 
    66     0016                     	;# 
    67     0017                     	;# 
    68     0018                     	;# 
    69     0019                     	;# 
    70     001A                     	;# 
    71     001C                     	;# 
    72     001C                     	;# 
    73     001D                     	;# 
    74     001D                     	;# 
    75     001E                     	;# 
    76     001F                     	;# 
    77     008C                     	;# 
    78     008C                     	;# 
    79     008D                     	;# 
    80     008E                     	;# 
    81     008E                     	;# 
    82     008F                     	;# 
    83     0090                     	;# 
    84     0090                     	;# 
    85     0091                     	;# 
    86     0093                     	;# 
    87     0094                     	;# 
    88     0095                     	;# 
    89     0096                     	;# 
    90     0097                     	;# 
    91     0098                     	;# 
    92     0099                     	;# 
    93     009A                     	;# 
    94     009B                     	;# 
    95     009C                     	;# 
    96     009D                     	;# 
    97     009E                     	;# 
    98     010C                     	;# 
    99     010D                     	;# 
   100     010E                     	;# 
   101     010E                     	;# 
   102     010F                     	;# 
   103     0110                     	;# 
   104     0110                     	;# 
   105     0111                     	;# 
   106     0112                     	;# 
   107     0112                     	;# 
   108     0113                     	;# 
   109     0114                     	;# 
   110     0114                     	;# 
   111     0115                     	;# 
   112     0116                     	;# 
   113     0116                     	;# 
   114     0117                     	;# 
   115     0119                     	;# 
   116     0119                     	;# 
   117     0119                     	;# 
   118     011A                     	;# 
   119     011A                     	;# 
   120     011A                     	;# 
   121     011B                     	;# 
   122     011B                     	;# 
   123     011B                     	;# 
   124     011B                     	;# 
   125     011B                     	;# 
   126     011C                     	;# 
   127     011C                     	;# 
   128     011C                     	;# 
   129     011D                     	;# 
   130     011D                     	;# 
   131     011D                     	;# 
   132     011E                     	;# 
   133     011E                     	;# 
   134     011E                     	;# 
   135     011F                     	;# 
   136     011F                     	;# 
   137     011F                     	;# 
   138     011F                     	;# 
   139     011F                     	;# 
   140     018C                     	;# 
   141     018D                     	;# 
   142     018E                     	;# 
   143     018F                     	;# 
   144     0190                     	;# 
   145     0191                     	;# 
   146     0192                     	;# 
   147     0196                     	;# 
   148     0197                     	;# 
   149     0198                     	;# 
   150     0199                     	;# 
   151     019A                     	;# 
   152     019B                     	;# 
   153     019C                     	;# 
   154     020C                     	;# 
   155     020C                     	;# 
   156     020D                     	;# 
   157     020E                     	;# 
   158     020F                     	;# 
   159     020F                     	;# 
   160     0210                     	;# 
   161     0210                     	;# 
   162     0211                     	;# 
   163     0211                     	;# 
   164     0212                     	;# 
   165     0212                     	;# 
   166     0213                     	;# 
   167     0214                     	;# 
   168     0215                     	;# 
   169     0215                     	;# 
   170     0216                     	;# 
   171     0216                     	;# 
   172     0217                     	;# 
   173     0217                     	;# 
   174     0218                     	;# 
   175     0218                     	;# 
   176     0219                     	;# 
   177     021A                     	;# 
   178     021B                     	;# 
   179     021B                     	;# 
   180     021C                     	;# 
   181     021C                     	;# 
   182     021D                     	;# 
   183     021D                     	;# 
   184     021E                     	;# 
   185     021F                     	;# 
   186     028C                     	;# 
   187     028C                     	;# 
   188     028D                     	;# 
   189     028D                     	;# 
   190     028E                     	;# 
   191     028F                     	;# 
   192     0290                     	;# 
   193     0290                     	;# 
   194     0291                     	;# 
   195     0292                     	;# 
   196     0292                     	;# 
   197     0293                     	;# 
   198     0293                     	;# 
   199     0294                     	;# 
   200     0295                     	;# 
   201     0296                     	;# 
   202     0296                     	;# 
   203     0297                     	;# 
   204     0298                     	;# 
   205     0298                     	;# 
   206     0299                     	;# 
   207     0299                     	;# 
   208     029A                     	;# 
   209     029B                     	;# 
   210     029C                     	;# 
   211     029C                     	;# 
   212     029D                     	;# 
   213     030C                     	;# 
   214     030C                     	;# 
   215     030D                     	;# 
   216     030E                     	;# 
   217     030F                     	;# 
   218     0310                     	;# 
   219     0310                     	;# 
   220     0311                     	;# 
   221     0312                     	;# 
   222     0313                     	;# 
   223     0314                     	;# 
   224     0314                     	;# 
   225     0315                     	;# 
   226     0316                     	;# 
   227     0317                     	;# 
   228     0318                     	;# 
   229     0318                     	;# 
   230     0319                     	;# 
   231     031A                     	;# 
   232     031B                     	;# 
   233     031C                     	;# 
   234     031C                     	;# 
   235     031D                     	;# 
   236     031E                     	;# 
   237     031F                     	;# 
   238     038C                     	;# 
   239     038C                     	;# 
   240     038D                     	;# 
   241     038E                     	;# 
   242     0390                     	;# 
   243     0390                     	;# 
   244     0391                     	;# 
   245     0392                     	;# 
   246     040C                     	;# 
   247     040D                     	;# 
   248     040E                     	;# 
   249     040F                     	;# 
   250     0410                     	;# 
   251     0411                     	;# 
   252     0416                     	;# 
   253     0416                     	;# 
   254     0417                     	;# 
   255     0418                     	;# 
   256     0418                     	;# 
   257     0419                     	;# 
   258     041A                     	;# 
   259     041A                     	;# 
   260     041B                     	;# 
   261     041C                     	;# 
   262     041C                     	;# 
   263     041D                     	;# 
   264     041E                     	;# 
   265     041F                     	;# 
   266     048C                     	;# 
   267     048C                     	;# 
   268     048D                     	;# 
   269     048E                     	;# 
   270     048F                     	;# 
   271     048F                     	;# 
   272     0490                     	;# 
   273     0491                     	;# 
   274     0492                     	;# 
   275     0492                     	;# 
   276     0493                     	;# 
   277     0494                     	;# 
   278     0495                     	;# 
   279     0495                     	;# 
   280     0496                     	;# 
   281     0497                     	;# 
   282     0498                     	;# 
   283     0499                     	;# 
   284     049A                     	;# 
   285     049B                     	;# 
   286     049C                     	;# 
   287     049D                     	;# 
   288     050C                     	;# 
   289     050C                     	;# 
   290     050D                     	;# 
   291     050E                     	;# 
   292     050F                     	;# 
   293     050F                     	;# 
   294     0510                     	;# 
   295     0511                     	;# 
   296     0512                     	;# 
   297     0512                     	;# 
   298     0513                     	;# 
   299     0514                     	;# 
   300     0515                     	;# 
   301     0515                     	;# 
   302     0516                     	;# 
   303     0517                     	;# 
   304     0518                     	;# 
   305     0519                     	;# 
   306     051A                     	;# 
   307     051B                     	;# 
   308     051C                     	;# 
   309     051D                     	;# 
   310     058C                     	;# 
   311     058C                     	;# 
   312     058D                     	;# 
   313     058E                     	;# 
   314     058F                     	;# 
   315     058F                     	;# 
   316     0590                     	;# 
   317     0591                     	;# 
   318     0592                     	;# 
   319     0593                     	;# 
   320     060C                     	;# 
   321     060D                     	;# 
   322     060E                     	;# 
   323     060F                     	;# 
   324     0610                     	;# 
   325     0611                     	;# 
   326     0612                     	;# 
   327     0613                     	;# 
   328     0614                     	;# 
   329     0616                     	;# 
   330     0617                     	;# 
   331     0618                     	;# 
   332     0619                     	;# 
   333     061A                     	;# 
   334     061B                     	;# 
   335     061C                     	;# 
   336     061D                     	;# 
   337     061E                     	;# 
   338     068C                     	;# 
   339     068D                     	;# 
   340     068E                     	;# 
   341     068F                     	;# 
   342     0690                     	;# 
   343     0691                     	;# 
   344     0692                     	;# 
   345     0693                     	;# 
   346     0694                     	;# 
   347     070C                     	;# 
   348     070D                     	;# 
   349     070E                     	;# 
   350     070F                     	;# 
   351     0710                     	;# 
   352     0711                     	;# 
   353     0712                     	;# 
   354     0713                     	;# 
   355     0714                     	;# 
   356     0716                     	;# 
   357     0717                     	;# 
   358     0718                     	;# 
   359     0719                     	;# 
   360     071A                     	;# 
   361     071B                     	;# 
   362     071C                     	;# 
   363     071D                     	;# 
   364     071E                     	;# 
   365     0796                     	;# 
   366     0797                     	;# 
   367     0798                     	;# 
   368     0799                     	;# 
   369     079A                     	;# 
   370     079B                     	;# 
   371     080C                     	;# 
   372     080D                     	;# 
   373     080E                     	;# 
   374     080F                     	;# 
   375     0810                     	;# 
   376     0811                     	;# 
   377     0812                     	;# 
   378     0813                     	;# 
   379     0814                     	;# 
   380     081A                     	;# 
   381     081B                     	;# 
   382     081C                     	;# 
   383     081D                     	;# 
   384     081E                     	;# 
   385     081F                     	;# 
   386     088C                     	;# 
   387     088D                     	;# 
   388     088E                     	;# 
   389     088F                     	;# 
   390     0890                     	;# 
   391     0891                     	;# 
   392     0892                     	;# 
   393     0893                     	;# 
   394     0895                     	;# 
   395     0896                     	;# 
   396     0897                     	;# 
   397     0898                     	;# 
   398     0899                     	;# 
   399     089A                     	;# 
   400     089B                     	;# 
   401     090C                     	;# 
   402     090E                     	;# 
   403     090F                     	;# 
   404     091F                     	;# 
   405     098F                     	;# 
   406     098F                     	;# 
   407     0990                     	;# 
   408     0991                     	;# 
   409     0992                     	;# 
   410     0993                     	;# 
   411     0994                     	;# 
   412     0995                     	;# 
   413     0996                     	;# 
   414     0997                     	;# 
   415     1E0F                     	;# 
   416     1E10                     	;# 
   417     1E11                     	;# 
   418     1E12                     	;# 
   419     1E13                     	;# 
   420     1E14                     	;# 
   421     1E15                     	;# 
   422     1E16                     	;# 
   423     1E17                     	;# 
   424     1E18                     	;# 
   425     1E19                     	;# 
   426     1E1A                     	;# 
   427     1E1B                     	;# 
   428     1E1C                     	;# 
   429     1E1D                     	;# 
   430     1E1E                     	;# 
   431     1E1F                     	;# 
   432     1E20                     	;# 
   433     1E21                     	;# 
   434     1E22                     	;# 
   435     1E23                     	;# 
   436     1E24                     	;# 
   437     1E25                     	;# 
   438     1E26                     	;# 
   439     1E27                     	;# 
   440     1E28                     	;# 
   441     1E29                     	;# 
   442     1E2A                     	;# 
   443     1E2B                     	;# 
   444     1E2C                     	;# 
   445     1E2D                     	;# 
   446     1E2E                     	;# 
   447     1E2F                     	;# 
   448     1E30                     	;# 
   449     1E31                     	;# 
   450     1E32                     	;# 
   451     1E33                     	;# 
   452     1E34                     	;# 
   453     1E35                     	;# 
   454     1E36                     	;# 
   455     1E37                     	;# 
   456     1E8F                     	;# 
   457     1E90                     	;# 
   458     1E91                     	;# 
   459     1E92                     	;# 
   460     1E93                     	;# 
   461     1E94                     	;# 
   462     1E95                     	;# 
   463     1E96                     	;# 
   464     1E97                     	;# 
   465     1E9C                     	;# 
   466     1E9D                     	;# 
   467     1E9E                     	;# 
   468     1EA1                     	;# 
   469     1EA2                     	;# 
   470     1EA3                     	;# 
   471     1EA4                     	;# 
   472     1EA5                     	;# 
   473     1EA9                     	;# 
   474     1EAA                     	;# 
   475     1EAB                     	;# 
   476     1EAC                     	;# 
   477     1EB1                     	;# 
   478     1EB2                     	;# 
   479     1EB3                     	;# 
   480     1EB8                     	;# 
   481     1EB9                     	;# 
   482     1EBA                     	;# 
   483     1EBB                     	;# 
   484     1EBC                     	;# 
   485     1EBD                     	;# 
   486     1EBE                     	;# 
   487     1EC3                     	;# 
   488     1EC5                     	;# 
   489     1EC6                     	;# 
   490     1EC7                     	;# 
   491     1EC8                     	;# 
   492     1EC9                     	;# 
   493     1ECA                     	;# 
   494     1ECB                     	;# 
   495     1ECC                     	;# 
   496     1F10                     	;# 
   497     1F11                     	;# 
   498     1F12                     	;# 
   499     1F13                     	;# 
   500     1F14                     	;# 
   501     1F15                     	;# 
   502     1F16                     	;# 
   503     1F17                     	;# 
   504     1F18                     	;# 
   505     1F19                     	;# 
   506     1F1A                     	;# 
   507     1F1B                     	;# 
   508     1F1C                     	;# 
   509     1F1D                     	;# 
   510     1F1E                     	;# 
   511     1F1F                     	;# 
   512     1F20                     	;# 
   513     1F21                     	;# 
   514     1F22                     	;# 
   515     1F23                     	;# 
   516     1F24                     	;# 
   517     1F25                     	;# 
   518     1F26                     	;# 
   519     1F27                     	;# 
   520     1F28                     	;# 
   521     1F29                     	;# 
   522     1F2A                     	;# 
   523     1F2B                     	;# 
   524     1F2C                     	;# 
   525     1F2D                     	;# 
   526     1F2E                     	;# 
   527     1F2F                     	;# 
   528     1F30                     	;# 
   529     1F31                     	;# 
   530     1F32                     	;# 
   531     1F38                     	;# 
   532     1F39                     	;# 
   533     1F3A                     	;# 
   534     1F3B                     	;# 
   535     1F3C                     	;# 
   536     1F3D                     	;# 
   537     1F3E                     	;# 
   538     1F3F                     	;# 
   539     1F40                     	;# 
   540     1F41                     	;# 
   541     1F43                     	;# 
   542     1F44                     	;# 
   543     1F45                     	;# 
   544     1F46                     	;# 
   545     1F47                     	;# 
   546     1F48                     	;# 
   547     1F49                     	;# 
   548     1F4A                     	;# 
   549     1F4B                     	;# 
   550     1F4C                     	;# 
   551     1F4E                     	;# 
   552     1F4F                     	;# 
   553     1F50                     	;# 
   554     1F51                     	;# 
   555     1F52                     	;# 
   556     1F53                     	;# 
   557     1F54                     	;# 
   558     1F55                     	;# 
   559     1F56                     	;# 
   560     1F57                     	;# 
   561     1F59                     	;# 
   562     1F5A                     	;# 
   563     1F5B                     	;# 
   564     1F5C                     	;# 
   565     1F5D                     	;# 
   566     1F61                     	;# 
   567     1F62                     	;# 
   568     1F64                     	;# 
   569     1F65                     	;# 
   570     1F66                     	;# 
   571     1F67                     	;# 
   572     1F68                     	;# 
   573     1F69                     	;# 
   574     1F6A                     	;# 
   575     1F6B                     	;# 
   576     1F6C                     	;# 
   577     1F6D                     	;# 
   578     1FE4                     	;# 
   579     1FE5                     	;# 
   580     1FE6                     	;# 
   581     1FE7                     	;# 
   582     1FE8                     	;# 
   583     1FE9                     	;# 
   584     1FEA                     	;# 
   585     1FEB                     	;# 
   586     1FED                     	;# 
   587     1FEE                     	;# 
   588     1FEF                     	;# 
   589     0000                     	;# 
   590     0001                     	;# 
   591     0002                     	;# 
   592     0003                     	;# 
   593     0004                     	;# 
   594     0005                     	;# 
   595     0006                     	;# 
   596     0007                     	;# 
   597     0008                     	;# 
   598     0009                     	;# 
   599     000A                     	;# 
   600     000B                     	;# 
   601     000C                     	;# 
   602     000D                     	;# 
   603     000E                     	;# 
   604     000F                     	;# 
   605     0010                     	;# 
   606     0011                     	;# 
   607     0012                     	;# 
   608     0013                     	;# 
   609     0014                     	;# 
   610     0015                     	;# 
   611     0016                     	;# 
   612     0017                     	;# 
   613     0018                     	;# 
   614     0019                     	;# 
   615     001A                     	;# 
   616     001C                     	;# 
   617     001C                     	;# 
   618     001D                     	;# 
   619     001D                     	;# 
   620     001E                     	;# 
   621     001F                     	;# 
   622     008C                     	;# 
   623     008C                     	;# 
   624     008D                     	;# 
   625     008E                     	;# 
   626     008E                     	;# 
   627     008F                     	;# 
   628     0090                     	;# 
   629     0090                     	;# 
   630     0091                     	;# 
   631     0093                     	;# 
   632     0094                     	;# 
   633     0095                     	;# 
   634     0096                     	;# 
   635     0097                     	;# 
   636     0098                     	;# 
   637     0099                     	;# 
   638     009A                     	;# 
   639     009B                     	;# 
   640     009C                     	;# 
   641     009D                     	;# 
   642     009E                     	;# 
   643     010C                     	;# 
   644     010D                     	;# 
   645     010E                     	;# 
   646     010E                     	;# 
   647     010F                     	;# 
   648     0110                     	;# 
   649     0110                     	;# 
   650     0111                     	;# 
   651     0112                     	;# 
   652     0112                     	;# 
   653     0113                     	;# 
   654     0114                     	;# 
   655     0114                     	;# 
   656     0115                     	;# 
   657     0116                     	;# 
   658     0116                     	;# 
   659     0117                     	;# 
   660     0119                     	;# 
   661     0119                     	;# 
   662     0119                     	;# 
   663     011A                     	;# 
   664     011A                     	;# 
   665     011A                     	;# 
   666     011B                     	;# 
   667     011B                     	;# 
   668     011B                     	;# 
   669     011B                     	;# 
   670     011B                     	;# 
   671     011C                     	;# 
   672     011C                     	;# 
   673     011C                     	;# 
   674     011D                     	;# 
   675     011D                     	;# 
   676     011D                     	;# 
   677     011E                     	;# 
   678     011E                     	;# 
   679     011E                     	;# 
   680     011F                     	;# 
   681     011F                     	;# 
   682     011F                     	;# 
   683     011F                     	;# 
   684     011F                     	;# 
   685     018C                     	;# 
   686     018D                     	;# 
   687     018E                     	;# 
   688     018F                     	;# 
   689     0190                     	;# 
   690     0191                     	;# 
   691     0192                     	;# 
   692     0196                     	;# 
   693     0197                     	;# 
   694     0198                     	;# 
   695     0199                     	;# 
   696     019A                     	;# 
   697     019B                     	;# 
   698     019C                     	;# 
   699     020C                     	;# 
   700     020C                     	;# 
   701     020D                     	;# 
   702     020E                     	;# 
   703     020F                     	;# 
   704     020F                     	;# 
   705     0210                     	;# 
   706     0210                     	;# 
   707     0211                     	;# 
   708     0211                     	;# 
   709     0212                     	;# 
   710     0212                     	;# 
   711     0213                     	;# 
   712     0214                     	;# 
   713     0215                     	;# 
   714     0215                     	;# 
   715     0216                     	;# 
   716     0216                     	;# 
   717     0217                     	;# 
   718     0217                     	;# 
   719     0218                     	;# 
   720     0218                     	;# 
   721     0219                     	;# 
   722     021A                     	;# 
   723     021B                     	;# 
   724     021B                     	;# 
   725     021C                     	;# 
   726     021C                     	;# 
   727     021D                     	;# 
   728     021D                     	;# 
   729     021E                     	;# 
   730     021F                     	;# 
   731     028C                     	;# 
   732     028C                     	;# 
   733     028D                     	;# 
   734     028D                     	;# 
   735     028E                     	;# 
   736     028F                     	;# 
   737     0290                     	;# 
   738     0290                     	;# 
   739     0291                     	;# 
   740     0292                     	;# 
   741     0292                     	;# 
   742     0293                     	;# 
   743     0293                     	;# 
   744     0294                     	;# 
   745     0295                     	;# 
   746     0296                     	;# 
   747     0296                     	;# 
   748     0297                     	;# 
   749     0298                     	;# 
   750     0298                     	;# 
   751     0299                     	;# 
   752     0299                     	;# 
   753     029A                     	;# 
   754     029B                     	;# 
   755     029C                     	;# 
   756     029C                     	;# 
   757     029D                     	;# 
   758     030C                     	;# 
   759     030C                     	;# 
   760     030D                     	;# 
   761     030E                     	;# 
   762     030F                     	;# 
   763     0310                     	;# 
   764     0310                     	;# 
   765     0311                     	;# 
   766     0312                     	;# 
   767     0313                     	;# 
   768     0314                     	;# 
   769     0314                     	;# 
   770     0315                     	;# 
   771     0316                     	;# 
   772     0317                     	;# 
   773     0318                     	;# 
   774     0318                     	;# 
   775     0319                     	;# 
   776     031A                     	;# 
   777     031B                     	;# 
   778     031C                     	;# 
   779     031C                     	;# 
   780     031D                     	;# 
   781     031E                     	;# 
   782     031F                     	;# 
   783     038C                     	;# 
   784     038C                     	;# 
   785     038D                     	;# 
   786     038E                     	;# 
   787     0390                     	;# 
   788     0390                     	;# 
   789     0391                     	;# 
   790     0392                     	;# 
   791     040C                     	;# 
   792     040D                     	;# 
   793     040E                     	;# 
   794     040F                     	;# 
   795     0410                     	;# 
   796     0411                     	;# 
   797     0416                     	;# 
   798     0416                     	;# 
   799     0417                     	;# 
   800     0418                     	;# 
   801     0418                     	;# 
   802     0419                     	;# 
   803     041A                     	;# 
   804     041A                     	;# 
   805     041B                     	;# 
   806     041C                     	;# 
   807     041C                     	;# 
   808     041D                     	;# 
   809     041E                     	;# 
   810     041F                     	;# 
   811     048C                     	;# 
   812     048C                     	;# 
   813     048D                     	;# 
   814     048E                     	;# 
   815     048F                     	;# 
   816     048F                     	;# 
   817     0490                     	;# 
   818     0491                     	;# 
   819     0492                     	;# 
   820     0492                     	;# 
   821     0493                     	;# 
   822     0494                     	;# 
   823     0495                     	;# 
   824     0495                     	;# 
   825     0496                     	;# 
   826     0497                     	;# 
   827     0498                     	;# 
   828     0499                     	;# 
   829     049A                     	;# 
   830     049B                     	;# 
   831     049C                     	;# 
   832     049D                     	;# 
   833     050C                     	;# 
   834     050C                     	;# 
   835     050D                     	;# 
   836     050E                     	;# 
   837     050F                     	;# 
   838     050F                     	;# 
   839     0510                     	;# 
   840     0511                     	;# 
   841     0512                     	;# 
   842     0512                     	;# 
   843     0513                     	;# 
   844     0514                     	;# 
   845     0515                     	;# 
   846     0515                     	;# 
   847     0516                     	;# 
   848     0517                     	;# 
   849     0518                     	;# 
   850     0519                     	;# 
   851     051A                     	;# 
   852     051B                     	;# 
   853     051C                     	;# 
   854     051D                     	;# 
   855     058C                     	;# 
   856     058C                     	;# 
   857     058D                     	;# 
   858     058E                     	;# 
   859     058F                     	;# 
   860     058F                     	;# 
   861     0590                     	;# 
   862     0591                     	;# 
   863     0592                     	;# 
   864     0593                     	;# 
   865     060C                     	;# 
   866     060D                     	;# 
   867     060E                     	;# 
   868     060F                     	;# 
   869     0610                     	;# 
   870     0611                     	;# 
   871     0612                     	;# 
   872     0613                     	;# 
   873     0614                     	;# 
   874     0616                     	;# 
   875     0617                     	;# 
   876     0618                     	;# 
   877     0619                     	;# 
   878     061A                     	;# 
   879     061B                     	;# 
   880     061C                     	;# 
   881     061D                     	;# 
   882     061E                     	;# 
   883     068C                     	;# 
   884     068D                     	;# 
   885     068E                     	;# 
   886     068F                     	;# 
   887     0690                     	;# 
   888     0691                     	;# 
   889     0692                     	;# 
   890     0693                     	;# 
   891     0694                     	;# 
   892     070C                     	;# 
   893     070D                     	;# 
   894     070E                     	;# 
   895     070F                     	;# 
   896     0710                     	;# 
   897     0711                     	;# 
   898     0712                     	;# 
   899     0713                     	;# 
   900     0714                     	;# 
   901     0716                     	;# 
   902     0717                     	;# 
   903     0718                     	;# 
   904     0719                     	;# 
   905     071A                     	;# 
   906     071B                     	;# 
   907     071C                     	;# 
   908     071D                     	;# 
   909     071E                     	;# 
   910     0796                     	;# 
   911     0797                     	;# 
   912     0798                     	;# 
   913     0799                     	;# 
   914     079A                     	;# 
   915     079B                     	;# 
   916     080C                     	;# 
   917     080D                     	;# 
   918     080E                     	;# 
   919     080F                     	;# 
   920     0810                     	;# 
   921     0811                     	;# 
   922     0812                     	;# 
   923     0813                     	;# 
   924     0814                     	;# 
   925     081A                     	;# 
   926     081B                     	;# 
   927     081C                     	;# 
   928     081D                     	;# 
   929     081E                     	;# 
   930     081F                     	;# 
   931     088C                     	;# 
   932     088D                     	;# 
   933     088E                     	;# 
   934     088F                     	;# 
   935     0890                     	;# 
   936     0891                     	;# 
   937     0892                     	;# 
   938     0893                     	;# 
   939     0895                     	;# 
   940     0896                     	;# 
   941     0897                     	;# 
   942     0898                     	;# 
   943     0899                     	;# 
   944     089A                     	;# 
   945     089B                     	;# 
   946     090C                     	;# 
   947     090E                     	;# 
   948     090F                     	;# 
   949     091F                     	;# 
   950     098F                     	;# 
   951     098F                     	;# 
   952     0990                     	;# 
   953     0991                     	;# 
   954     0992                     	;# 
   955     0993                     	;# 
   956     0994                     	;# 
   957     0995                     	;# 
   958     0996                     	;# 
   959     0997                     	;# 
   960     1E0F                     	;# 
   961     1E10                     	;# 
   962     1E11                     	;# 
   963     1E12                     	;# 
   964     1E13                     	;# 
   965     1E14                     	;# 
   966     1E15                     	;# 
   967     1E16                     	;# 
   968     1E17                     	;# 
   969     1E18                     	;# 
   970     1E19                     	;# 
   971     1E1A                     	;# 
   972     1E1B                     	;# 
   973     1E1C                     	;# 
   974     1E1D                     	;# 
   975     1E1E                     	;# 
   976     1E1F                     	;# 
   977     1E20                     	;# 
   978     1E21                     	;# 
   979     1E22                     	;# 
   980     1E23                     	;# 
   981     1E24                     	;# 
   982     1E25                     	;# 
   983     1E26                     	;# 
   984     1E27                     	;# 
   985     1E28                     	;# 
   986     1E29                     	;# 
   987     1E2A                     	;# 
   988     1E2B                     	;# 
   989     1E2C                     	;# 
   990     1E2D                     	;# 
   991     1E2E                     	;# 
   992     1E2F                     	;# 
   993     1E30                     	;# 
   994     1E31                     	;# 
   995     1E32                     	;# 
   996     1E33                     	;# 
   997     1E34                     	;# 
   998     1E35                     	;# 
   999     1E36                     	;# 
  1000     1E37                     	;# 
  1001     1E8F                     	;# 
  1002     1E90                     	;# 
  1003     1E91                     	;# 
  1004     1E92                     	;# 
  1005     1E93                     	;# 
  1006     1E94                     	;# 
  1007     1E95                     	;# 
  1008     1E96                     	;# 
  1009     1E97                     	;# 
  1010     1E9C                     	;# 
  1011     1E9D                     	;# 
  1012     1E9E                     	;# 
  1013     1EA1                     	;# 
  1014     1EA2                     	;# 
  1015     1EA3                     	;# 
  1016     1EA4                     	;# 
  1017     1EA5                     	;# 
  1018     1EA9                     	;# 
  1019     1EAA                     	;# 
  1020     1EAB                     	;# 
  1021     1EAC                     	;# 
  1022     1EB1                     	;# 
  1023     1EB2                     	;# 
  1024     1EB3                     	;# 
  1025     1EB8                     	;# 
  1026     1EB9                     	;# 
  1027     1EBA                     	;# 
  1028     1EBB                     	;# 
  1029     1EBC                     	;# 
  1030     1EBD                     	;# 
  1031     1EBE                     	;# 
  1032     1EC3                     	;# 
  1033     1EC5                     	;# 
  1034     1EC6                     	;# 
  1035     1EC7                     	;# 
  1036     1EC8                     	;# 
  1037     1EC9                     	;# 
  1038     1ECA                     	;# 
  1039     1ECB                     	;# 
  1040     1ECC                     	;# 
  1041     1F10                     	;# 
  1042     1F11                     	;# 
  1043     1F12                     	;# 
  1044     1F13                     	;# 
  1045     1F14                     	;# 
  1046     1F15                     	;# 
  1047     1F16                     	;# 
  1048     1F17                     	;# 
  1049     1F18                     	;# 
  1050     1F19                     	;# 
  1051     1F1A                     	;# 
  1052     1F1B                     	;# 
  1053     1F1C                     	;# 
  1054     1F1D                     	;# 
  1055     1F1E                     	;# 
  1056     1F1F                     	;# 
  1057     1F20                     	;# 
  1058     1F21                     	;# 
  1059     1F22                     	;# 
  1060     1F23                     	;# 
  1061     1F24                     	;# 
  1062     1F25                     	;# 
  1063     1F26                     	;# 
  1064     1F27                     	;# 
  1065     1F28                     	;# 
  1066     1F29                     	;# 
  1067     1F2A                     	;# 
  1068     1F2B                     	;# 
  1069     1F2C                     	;# 
  1070     1F2D                     	;# 
  1071     1F2E                     	;# 
  1072     1F2F                     	;# 
  1073     1F30                     	;# 
  1074     1F31                     	;# 
  1075     1F32                     	;# 
  1076     1F38                     	;# 
  1077     1F39                     	;# 
  1078     1F3A                     	;# 
  1079     1F3B                     	;# 
  1080     1F3C                     	;# 
  1081     1F3D                     	;# 
  1082     1F3E                     	;# 
  1083     1F3F                     	;# 
  1084     1F40                     	;# 
  1085     1F41                     	;# 
  1086     1F43                     	;# 
  1087     1F44                     	;# 
  1088     1F45                     	;# 
  1089     1F46                     	;# 
  1090     1F47                     	;# 
  1091     1F48                     	;# 
  1092     1F49                     	;# 
  1093     1F4A                     	;# 
  1094     1F4B                     	;# 
  1095     1F4C                     	;# 
  1096     1F4E                     	;# 
  1097     1F4F                     	;# 
  1098     1F50                     	;# 
  1099     1F51                     	;# 
  1100     1F52                     	;# 
  1101     1F53                     	;# 
  1102     1F54                     	;# 
  1103     1F55                     	;# 
  1104     1F56                     	;# 
  1105     1F57                     	;# 
  1106     1F59                     	;# 
  1107     1F5A                     	;# 
  1108     1F5B                     	;# 
  1109     1F5C                     	;# 
  1110     1F5D                     	;# 
  1111     1F61                     	;# 
  1112     1F62                     	;# 
  1113     1F64                     	;# 
  1114     1F65                     	;# 
  1115     1F66                     	;# 
  1116     1F67                     	;# 
  1117     1F68                     	;# 
  1118     1F69                     	;# 
  1119     1F6A                     	;# 
  1120     1F6B                     	;# 
  1121     1F6C                     	;# 
  1122     1F6D                     	;# 
  1123     1FE4                     	;# 
  1124     1FE5                     	;# 
  1125     1FE6                     	;# 
  1126     1FE7                     	;# 
  1127     1FE8                     	;# 
  1128     1FE9                     	;# 
  1129     1FEA                     	;# 
  1130     1FEB                     	;# 
  1131     1FED                     	;# 
  1132     1FEE                     	;# 
  1133     1FEF                     	;# 
  1134     0068                     _RB0	set	104
  1135     0090                     _TRISB0	set	144
  1136                           
  1137                           	psect	cinit
  1138     07FD                     start_initialization:	
  1139                           ; #config settings
  1140                           
  1141     07FD                     __initialization:
  1142     07FD                     end_of_initialization:	
  1143                           ;End of C runtime variable initialization code
  1144                           
  1145     07FD                     __end_of__initialization:
  1146     07FD  0140               	movlb	0
  1147     07FE  3187  2FCD         	ljmp	_main	;jump to C main() function
  1148                           
  1149                           	psect	cstackCOMMON
  1150     0070                     __pcstackCOMMON:
  1151     0070                     ?_main:
  1152     0070                     ??_main:	
  1153                           ; 1 bytes @ 0x0
  1154                           
  1155                           
  1156                           ; 1 bytes @ 0x0
  1157     0070                     	ds	2
  1158     0072                     main@count:
  1159                           
  1160                           ; 2 bytes @ 0x2
  1161     0072                     	ds	2
  1162                           
  1163                           	psect	maintext
  1164     07CD                     __pmaintext:	
  1165 ;;
  1166 ;;Main: autosize = 0, tempsize = 2, incstack = 0, save=0
  1167 ;;
  1168 ;; *************** function _main *****************
  1169 ;; Defined at:
  1170 ;;		line 45 in file "newmain.c"
  1171 ;; Parameters:    Size  Location     Type
  1172 ;;		None
  1173 ;; Auto vars:     Size  Location     Type
  1174 ;;  count           2    2[COMMON] int 
  1175 ;; Return value:  Size  Location     Type
  1176 ;;                  1    wreg      void 
  1177 ;; Registers used:
  1178 ;;		wreg, status,2, status,0
  1179 ;; Tracked objects:
  1180 ;;		On entry : B3F/0
  1181 ;;		On exit  : 0/0
  1182 ;;		Unchanged: 0/0
  1183 ;; Data sizes:     COMMON   BANK0   BANK1   BANK2   BANK3   BANK4   BANK5   BANK6   BANK7   BANK8   BANK9  BANK10  BANK1
      +1  BANK12  BANK13  BANK14  BANK15  BANK16  BANK17  BANK18  BANK19  BANK20  BANK21  BANK22  BANK23  BANK24  BANK25  BANK2
      +6  BANK27  BANK28  BANK29  BANK30  BANK31  BANK32  BANK33  BANK34  BANK35  BANK36  BANK37  BANK38  BANK39  BANK40  BANK4
      +1  BANK42  BANK43  BANK44  BANK45  BANK46  BANK47  BANK48  BANK49  BANK50
  1184 ;;      Params:         0       0       0       0       0       0       0       0       0       0       0       0       
      +0       0       0       0       0       0       0       0       0       0       0       0       0       0       0       
      +0       0       0       0       0       0       0       0       0       0       0       0       0       0       0       
      +0       0       0       0       0       0       0       0       0       0
  1185 ;;      Locals:         2       0       0       0       0       0       0       0       0       0       0       0       
      +0       0       0       0       0       0       0       0       0       0       0       0       0       0       0       
      +0       0       0       0       0       0       0       0       0       0       0       0       0       0       0       
      +0       0       0       0       0       0       0       0       0       0
  1186 ;;      Temps:          2       0       0       0       0       0       0       0       0       0       0       0       
      +0       0       0       0       0       0       0       0       0       0       0       0       0       0       0       
      +0       0       0       0       0       0       0       0       0       0       0       0       0       0       0       
      +0       0       0       0       0       0       0       0       0       0
  1187 ;;      Totals:         4       0       0       0       0       0       0       0       0       0       0       0       
      +0       0       0       0       0       0       0       0       0       0       0       0       0       0       0       
      +0       0       0       0       0       0       0       0       0       0       0       0       0       0       0       
      +0       0       0       0       0       0       0       0       0       0
  1188 ;;Total ram usage:        4 bytes
  1189 ;; This function calls:
  1190 ;;		Nothing
  1191 ;; This function is called by:
  1192 ;;		Startup code after reset
  1193 ;; This function uses a non-reentrant model
  1194 ;;
  1195                           
  1196     07CD                     _main:	
  1197                           ;psect for function _main
  1198                           
  1199     07CD                     l626:	
  1200                           ;incstack = 0
  1201                           ; Regs used in _main: [wreg+status,2+status,0]
  1202                           
  1203                           
  1204                           ;newmain.c: 46:     TRISB0=0;
  1205     07CD  0140               	movlb	0	; select bank0
  1206     07CE  1012               	bcf	18,0	;volatile
  1207     07CF                     l628:
  1208                           
  1209                           ;newmain.c: 47:     int count = 0;
  1210     07CF  01F2               	clrf	main@count
  1211     07D0  01F3               	clrf	main@count+1
  1212     07D1                     l630:
  1213                           
  1214                           ;newmain.c: 48:     RB0=0;
  1215     07D1  100D               	bcf	13,0	;volatile
  1216     07D2                     l632:
  1217                           
  1218                           ;newmain.c: 51:     {;newmain.c: 53:         _delay((unsigned long)((10)*(1000000/4000.0
      +                          )));
  1219     07D2  3004               	movlw	4
  1220     07D3  00F0               	movwf	??_main
  1221     07D4  303E               	movlw	62
  1222     07D5                     u57:
  1223     07D5  0B89               	decfsz	9,f
  1224     07D6  2FD5               	goto	u57
  1225     07D7  0BF0               	decfsz	??_main,f
  1226     07D8  2FD5               	goto	u57
  1227     07D9                     l634:
  1228                           
  1229                           ;newmain.c: 54:         if(RB0==1)
  1230     07D9  0140               	movlb	0	; select bank0
  1231     07DA  1C0D               	btfss	13,0	;volatile
  1232     07DB  2FDD               	goto	u11
  1233     07DC  2FDE               	goto	u10
  1234     07DD                     u11:
  1235     07DD  2FE7               	goto	l640
  1236     07DE                     u10:
  1237     07DE                     l636:
  1238                           
  1239                           ;newmain.c: 55:         {;newmain.c: 56:             _delay((unsigned long)((10)*(100000
      +                          0/4000.0)));
  1240     07DE  3004               	movlw	4
  1241     07DF  00F0               	movwf	??_main
  1242     07E0  303E               	movlw	62
  1243     07E1                     u67:
  1244     07E1  0B89               	decfsz	9,f
  1245     07E2  2FE1               	goto	u67
  1246     07E3  0BF0               	decfsz	??_main,f
  1247     07E4  2FE1               	goto	u67
  1248     07E5                     l638:
  1249                           
  1250                           ;newmain.c: 57:             RB0=0;
  1251     07E5  0140               	movlb	0	; select bank0
  1252     07E6  100D               	bcf	13,0	;volatile
  1253     07E7                     l640:
  1254                           
  1255                           ;newmain.c: 59:         if(RB0==0)
  1256     07E7  180D               	btfsc	13,0	;volatile
  1257     07E8  2FEA               	goto	u21
  1258     07E9  2FEB               	goto	u20
  1259     07EA                     u21:
  1260     07EA  2FD2               	goto	l632
  1261     07EB                     u20:
  1262     07EB                     l642:
  1263                           
  1264                           ;newmain.c: 60:         {;newmain.c: 61:             count=!count;
  1265     07EB  0872               	movf	main@count,w
  1266     07EC  0473               	iorwf	main@count+1,w
  1267     07ED  1903               	btfsc	3,2
  1268     07EE  2FF0               	goto	u31
  1269     07EF  2FF2               	goto	u30
  1270     07F0                     u31:
  1271     07F0  3001               	movlw	1
  1272     07F1  2FF3               	goto	u40
  1273     07F2                     u30:
  1274     07F2  3000               	movlw	0
  1275     07F3                     u40:
  1276     07F3  00F0               	movwf	??_main
  1277     07F4  01F1               	clrf	??_main+1
  1278     07F5  0870               	movf	??_main,w
  1279     07F6  00F2               	movwf	main@count
  1280     07F7  0871               	movf	??_main+1,w
  1281     07F8  00F3               	movwf	main@count+1
  1282     07F9                     l644:
  1283                           
  1284                           ;newmain.c: 62:             RB0=1;
  1285     07F9  140D               	bsf	13,0	;volatile
  1286     07FA  2FD2               	goto	l632
  1287     07FB  3180  2802         	ljmp	start
  1288     07FD                     __end_of_main:
  1289     007E                     btemp	set	126	;btemp
  1290     007E                     wtemp0	set	126
  1291                           
  1292                           	psect	config
  1293                           
  1294                           ;Config register CONFIG1 @ 0x8007
  1295                           ;	External Oscillator mode selection bits
  1296                           ;	FEXTOSC = OFF, Oscillator not enabled
  1297                           ;	Power-up default value for COSC bits
  1298                           ;	RSTOSC = HFINT1, HFINTOSC (1MHz)
  1299                           ;	Clock Out Enable bit
  1300                           ;	CLKOUTEN = OFF, CLKOUT function is disabled; i/o or oscillator function on OSC2
  1301                           ;	Clock Switch Enable bit
  1302                           ;	CSWEN = ON, Writing to NOSC and NDIV is allowed
  1303                           ;	Fail-Safe Clock Monitor Enable bit
  1304                           ;	FCMEN = ON, FSCM timer enabled
  1305     8007                     	org	32775
  1306     8007  3FEC               	dw	16364
  1307                           
  1308                           ;Config register CONFIG2 @ 0x8008
  1309                           ;	Master Clear Enable bit
  1310                           ;	MCLRE = ON, MCLR pin is Master Clear function
  1311                           ;	Power-up Timer Enable bit
  1312                           ;	PWRTE = OFF, PWRT disabled
  1313                           ;	Low-Power BOR enable bit
  1314                           ;	LPBOREN = OFF, ULPBOR disabled
  1315                           ;	Brown-out reset enable bits
  1316                           ;	BOREN = ON, Brown-out Reset Enabled, SBOREN bit is ignored
  1317                           ;	Brown-out Reset Voltage Selection
  1318                           ;	BORV = LO, Brown-out Reset Voltage (VBOR) set to 1.9V on LF, and 2.45V on F Devices
  1319                           ;	Zero-cross detect disable
  1320                           ;	ZCD = OFF, Zero-cross detect circuit is disabled at POR.
  1321                           ;	Peripheral Pin Select one-way control
  1322                           ;	PPS1WAY = ON, The PPSLOCK bit can be cleared and set only once in software
  1323                           ;	Stack Overflow/Underflow Reset Enable bit
  1324                           ;	STVREN = ON, Stack Overflow or Underflow will cause a reset
  1325                           ;	Background Debugger
  1326                           ;	DEBUG = 0x1, unprogrammed default
  1327     8008                     	org	32776
  1328     8008  3FFF               	dw	16383
  1329                           
  1330                           ;Config register CONFIG3 @ 0x8009
  1331                           ;	WDT Period Select bits
  1332                           ;	WDTCPS = WDTCPS_31, Divider ratio 1:65536; software control of WDTPS
  1333                           ;	WDT operating mode
  1334                           ;	WDTE = OFF, WDT Disabled, SWDTEN is ignored
  1335                           ;	WDT Window Select bits
  1336                           ;	WDTCWS = WDTCWS_7, window always open (100%); software control; keyed access not requi
      +                          red
  1337                           ;	WDT input clock selector
  1338                           ;	WDTCCS = SC, Software Control
  1339     8009                     	org	32777
  1340     8009  3F9F               	dw	16287
  1341                           
  1342                           ;Config register CONFIG4 @ 0x800A
  1343                           ;	UserNVM self-write protection bits
  1344                           ;	WRT = OFF, Write protection off
  1345                           ;	Scanner Enable bit
  1346                           ;	SCANE = available, Scanner module is available for use
  1347                           ;	Low Voltage Programming Enable bit
  1348                           ;	LVP = ON, Low Voltage programming enabled. MCLR/Vpp pin function is MCLR.
  1349     800A                     	org	32778
  1350     800A  3FFF               	dw	16383
  1351                           
  1352                           ;Config register CONFIG5 @ 0x800B
  1353                           ;	UserNVM Program memory code protection bit
  1354                           ;	CP = OFF, Program Memory code protection disabled
  1355                           ;	DataNVM code protection bit
  1356                           ;	CPD = OFF, Data EEPROM code protection disabled
  1357     800B                     	org	32779
  1358     800B  3FFF               	dw	16383

Data Sizes:
    Strings     0
    Constant    0
    Data        0
    BSS         0
    Persistent  32
    Stack       0

Auto Spaces:
    Space          Size  Autos    Used
    COMMON           14      4       4
    BANK0            80      0       0
    BANK1            80      0       0
    BANK2            80      0       0
    BANK3            80      0       0
    BANK4            80      0       0
    BANK5            80      0       0
    BANK6            80      0       0
    BANK7            80      0       0
    BANK8            80      0       0
    BANK9            80      0       0
    BANK10           80      0       0
    BANK11           80      0       0
    BANK12           80      0       0
    BANK13           80      0       0
    BANK14           80      0       0
    BANK15           80      0       0
    BANK16           80      0       0
    BANK17           80      0       0
    BANK18           80      0       0
    BANK19           80      0       0
    BANK20           80      0       0
    BANK21           80      0       0
    BANK22           80      0       0
    BANK23           80      0       0
    BANK24           80      0       0
    BANK25           80      0       0
    BANK26           80      0       0
    BANK27           80      0       0
    BANK28           80      0       0
    BANK29           80      0       0
    BANK30           80      0       0
    BANK31           80      0       0
    BANK32           80      0       0
    BANK33           80      0       0
    BANK34           80      0       0
    BANK35           80      0       0
    BANK36           80      0       0
    BANK37           80      0       0
    BANK38           80      0       0
    BANK39           80      0       0
    BANK40           80      0       0
    BANK41           80      0       0
    BANK42           80      0       0
    BANK43           80      0       0
    BANK44           80      0       0
    BANK45           80      0       0
    BANK46           80      0       0
    BANK47           80      0       0
    BANK48           80      0       0
    BANK49           80      0       0
    BANK50           80      0       0

Pointer List with Targets:

    None.

Critical Paths under _main in COMMON

    None.

Critical Paths under _main in BANK0

    None.

Critical Paths under _main in BANK1

    None.

Critical Paths under _main in BANK2

    None.

Critical Paths under _main in BANK3

    None.

Critical Paths under _main in BANK4

    None.

Critical Paths under _main in BANK5

    None.

Critical Paths under _main in BANK6

    None.

Critical Paths under _main in BANK7

    None.

Critical Paths under _main in BANK8

    None.

Critical Paths under _main in BANK9

    None.

Critical Paths under _main in BANK10

    None.

Critical Paths under _main in BANK11

    None.

Critical Paths under _main in BANK12

    None.

Critical Paths under _main in BANK13

    None.

Critical Paths under _main in BANK14

    None.

Critical Paths under _main in BANK15

    None.

Critical Paths under _main in BANK16

    None.

Critical Paths under _main in BANK17

    None.

Critical Paths under _main in BANK18

    None.

Critical Paths under _main in BANK19

    None.

Critical Paths under _main in BANK20

    None.

Critical Paths under _main in BANK21

    None.

Critical Paths under _main in BANK22

    None.

Critical Paths under _main in BANK23

    None.

Critical Paths under _main in BANK24

    None.

Critical Paths under _main in BANK25

    None.

Critical Paths under _main in BANK26

    None.

Critical Paths under _main in BANK27

    None.

Critical Paths under _main in BANK28

    None.

Critical Paths under _main in BANK29

    None.

Critical Paths under _main in BANK30

    None.

Critical Paths under _main in BANK31

    None.

Critical Paths under _main in BANK32

    None.

Critical Paths under _main in BANK33

    None.

Critical Paths under _main in BANK34

    None.

Critical Paths under _main in BANK35

    None.

Critical Paths under _main in BANK36

    None.

Critical Paths under _main in BANK37

    None.

Critical Paths under _main in BANK38

    None.

Critical Paths under _main in BANK39

    None.

Critical Paths under _main in BANK40

    None.

Critical Paths under _main in BANK41

    None.

Critical Paths under _main in BANK42

    None.

Critical Paths under _main in BANK43

    None.

Critical Paths under _main in BANK44

    None.

Critical Paths under _main in BANK45

    None.

Critical Paths under _main in BANK46

    None.

Critical Paths under _main in BANK47

    None.

Critical Paths under _main in BANK48

    None.

Critical Paths under _main in BANK49

    None.

Critical Paths under _main in BANK50

    None.

Call Graph Tables:

 ---------------------------------------------------------------------------------
 (Depth) Function   	        Calls       Base Space   Used Autos Params    Refs
 ---------------------------------------------------------------------------------
 (0) _main                                                 4     4      0      15
                                              0 COMMON     4     4      0
 ---------------------------------------------------------------------------------
 Estimated maximum stack depth 0
 ---------------------------------------------------------------------------------

 Call Graph Graphs:

 _main (ROOT)

 Address spaces:
Name               Size   Autos  Total    Cost      Usage
BIGRAM             FF0      0       0       0        0.0%
EEDATA             100      0       0       0        0.0%
NULL                 0      0       0       0        0.0%
CODE                 0      0       0       0        0.0%
BITCOMMON            E      0       0       1        0.0%
BITSFR0              0      0       0       1        0.0%
SFR0                 0      0       0       1        0.0%
COMMON               E      4       4       2       28.6%
BITSFR1              0      0       0       2        0.0%
SFR1                 0      0       0       2        0.0%
BITSFR2              0      0       0       3        0.0%
SFR2                 0      0       0       3        0.0%
STACK                0      0       0       3        0.0%
BITBANK0            50      0       0       4        0.0%
BITSFR3              0      0       0       4        0.0%
SFR3                 0      0       0       4        0.0%
BANK0               50      0       0       5        0.0%
BITSFR4              0      0       0       5        0.0%
SFR4                 0      0       0       5        0.0%
BITBANK1            50      0       0       6        0.0%
BITSFR5              0      0       0       6        0.0%
SFR5                 0      0       0       6        0.0%
BANK1               50      0       0       7        0.0%
BITSFR6              0      0       0       7        0.0%
SFR6                 0      0       0       7        0.0%
BITBANK2            50      0       0       8        0.0%
BITSFR7              0      0       0       8        0.0%
SFR7                 0      0       0       8        0.0%
BANK2               50      0       0       9        0.0%
BITSFR8              0      0       0       9        0.0%
SFR8                 0      0       0       9        0.0%
BITBANK3            50      0       0      10        0.0%
BITSFR9              0      0       0      10        0.0%
SFR9                 0      0       0      10        0.0%
BANK3               50      0       0      11        0.0%
BITSFR10             0      0       0      11        0.0%
SFR10                0      0       0      11        0.0%
BITBANK4            50      0       0      12        0.0%
BITSFR11             0      0       0      12        0.0%
SFR11                0      0       0      12        0.0%
BANK4               50      0       0      13        0.0%
BITSFR12             0      0       0      13        0.0%
SFR12                0      0       0      13        0.0%
BITBANK5            50      0       0      14        0.0%
BITSFR13             0      0       0      14        0.0%
SFR13                0      0       0      14        0.0%
BANK5               50      0       0      15        0.0%
BITSFR14             0      0       0      15        0.0%
SFR14                0      0       0      15        0.0%
BITBANK6            50      0       0      16        0.0%
BITSFR15             0      0       0      16        0.0%
SFR15                0      0       0      16        0.0%
BANK6               50      0       0      17        0.0%
BITSFR16             0      0       0      17        0.0%
SFR16                0      0       0      17        0.0%
BITBANK7            50      0       0      18        0.0%
BITSFR17             0      0       0      18        0.0%
SFR17                0      0       0      18        0.0%
BANK7               50      0       0      19        0.0%
BITSFR18             0      0       0      19        0.0%
SFR18                0      0       0      19        0.0%
BITBANK8            50      0       0      20        0.0%
BITSFR19             0      0       0      20        0.0%
SFR19                0      0       0      20        0.0%
BANK8               50      0       0      21        0.0%
BITSFR20             0      0       0      21        0.0%
SFR20                0      0       0      21        0.0%
BITBANK9            50      0       0      22        0.0%
BITSFR21             0      0       0      22        0.0%
SFR21                0      0       0      22        0.0%
BANK9               50      0       0      23        0.0%
BITSFR22             0      0       0      23        0.0%
SFR22                0      0       0      23        0.0%
BITBANK10           50      0       0      24        0.0%
BITSFR23             0      0       0      24        0.0%
SFR23                0      0       0      24        0.0%
BANK10              50      0       0      25        0.0%
BITSFR24             0      0       0      25        0.0%
SFR24                0      0       0      25        0.0%
BITBANK11           50      0       0      26        0.0%
BITSFR25             0      0       0      26        0.0%
SFR25                0      0       0      26        0.0%
BANK11              50      0       0      27        0.0%
BITSFR26             0      0       0      27        0.0%
SFR26                0      0       0      27        0.0%
BITSFR27             0      0       0      28        0.0%
SFR27                0      0       0      28        0.0%
ABS                  0      0       0      28        0.0%
BITBANK12           50      0       0      29        0.0%
BITSFR28             0      0       0      29        0.0%
SFR28                0      0       0      29        0.0%
BANK12              50      0       0      30        0.0%
BITSFR29             0      0       0      30        0.0%
SFR29                0      0       0      30        0.0%
BITBANK13           50      0       0      31        0.0%
BITSFR30             0      0       0      31        0.0%
SFR30                0      0       0      31        0.0%
BANK13              50      0       0      32        0.0%
BITSFR31             0      0       0      32        0.0%
SFR31                0      0       0      32        0.0%
BITBANK14           50      0       0      33        0.0%
BITSFR32             0      0       0      33        0.0%
SFR32                0      0       0      33        0.0%
BANK14              50      0       0      34        0.0%
BITSFR33             0      0       0      34        0.0%
SFR33                0      0       0      34        0.0%
BITBANK15           50      0       0      35        0.0%
BITSFR34             0      0       0      35        0.0%
SFR34                0      0       0      35        0.0%
BANK15              50      0       0      36        0.0%
BITSFR35             0      0       0      36        0.0%
SFR35                0      0       0      36        0.0%
BITBANK16           50      0       0      37        0.0%
BITSFR36             0      0       0      37        0.0%
SFR36                0      0       0      37        0.0%
BANK16              50      0       0      38        0.0%
BITSFR37             0      0       0      38        0.0%
SFR37                0      0       0      38        0.0%
BITBANK17           50      0       0      39        0.0%
BITSFR38             0      0       0      39        0.0%
SFR38                0      0       0      39        0.0%
BANK17              50      0       0      40        0.0%
BITSFR39             0      0       0      40        0.0%
SFR39                0      0       0      40        0.0%
BITBANK18           50      0       0      41        0.0%
BITSFR40             0      0       0      41        0.0%
SFR40                0      0       0      41        0.0%
BANK18              50      0       0      42        0.0%
BITSFR41             0      0       0      42        0.0%
SFR41                0      0       0      42        0.0%
BITBANK19           50      0       0      43        0.0%
BITSFR42             0      0       0      43        0.0%
SFR42                0      0       0      43        0.0%
BANK19              50      0       0      44        0.0%
BITSFR43             0      0       0      44        0.0%
SFR43                0      0       0      44        0.0%
BITBANK20           50      0       0      45        0.0%
BITSFR44             0      0       0      45        0.0%
SFR44                0      0       0      45        0.0%
BANK20              50      0       0      46        0.0%
BITSFR45             0      0       0      46        0.0%
SFR45                0      0       0      46        0.0%
BITBANK21           50      0       0      47        0.0%
BITSFR46             0      0       0      47        0.0%
SFR46                0      0       0      47        0.0%
BANK21              50      0       0      48        0.0%
BITSFR47             0      0       0      48        0.0%
SFR47                0      0       0      48        0.0%
BITBANK22           50      0       0      49        0.0%
BITSFR48             0      0       0      49        0.0%
SFR48                0      0       0      49        0.0%
BANK22              50      0       0      50        0.0%
BITSFR49             0      0       0      50        0.0%
SFR49                0      0       0      50        0.0%
BITBANK23           50      0       0      51        0.0%
BITSFR50             0      0       0      51        0.0%
SFR50                0      0       0      51        0.0%
BANK23              50      0       0      52        0.0%
BITSFR51             0      0       0      52        0.0%
SFR51                0      0       0      52        0.0%
BITBANK24           50      0       0      53        0.0%
BITSFR52             0      0       0      53        0.0%
SFR52                0      0       0      53        0.0%
BANK24              50      0       0      54        0.0%
BITSFR53             0      0       0      54        0.0%
SFR53                0      0       0      54        0.0%
BITBANK25           50      0       0      55        0.0%
BITSFR54             0      0       0      55        0.0%
SFR54                0      0       0      55        0.0%
BANK25              50      0       0      56        0.0%
BITSFR55             0      0       0      56        0.0%
SFR55                0      0       0      56        0.0%
BITBANK26           50      0       0      57        0.0%
BITSFR56             0      0       0      57        0.0%
SFR56                0      0       0      57        0.0%
BANK26              50      0       0      58        0.0%
BITSFR57             0      0       0      58        0.0%
SFR57                0      0       0      58        0.0%
BITSFR58             0      0       0      59        0.0%
SFR58                0      0       0      59        0.0%
DATA                 0      0       0      59        0.0%
BITBANK27           50      0       0      60        0.0%
BITSFR59             0      0       0      60        0.0%
SFR59                0      0       0      60        0.0%
BANK27              50      0       0      61        0.0%
BITSFR60             0      0       0      61        0.0%
SFR60                0      0       0      61        0.0%
BITBANK28           50      0       0      62        0.0%
BITSFR61             0      0       0      62        0.0%
SFR61                0      0       0      62        0.0%
BANK28              50      0       0      63        0.0%
BITSFR62             0      0       0      63        0.0%
SFR62                0      0       0      63        0.0%
BITBANK29           50      0       0      64        0.0%
BITSFR63             0      0       0      64        0.0%
SFR63                0      0       0      64        0.0%
BANK29              50      0       0      65        0.0%
BITBANK30           50      0       0      66        0.0%
BANK30              50      0       0      67        0.0%
BITBANK31           50      0       0      68        0.0%
BANK31              50      0       0      69        0.0%
BITBANK32           50      0       0      70        0.0%
BANK32              50      0       0      71        0.0%
BITBANK33           50      0       0      72        0.0%
BANK33              50      0       0      73        0.0%
BITBANK34           50      0       0      74        0.0%
BANK34              50      0       0      75        0.0%
BITBANK35           50      0       0      76        0.0%
BANK35              50      0       0      77        0.0%
BITBANK36           50      0       0      78        0.0%
BANK36              50      0       0      79        0.0%
BITBANK37           50      0       0      80        0.0%
BANK37              50      0       0      81        0.0%
BITBANK38           50      0       0      82        0.0%
BANK38              50      0       0      83        0.0%
BITBANK39           50      0       0      84        0.0%
BANK39              50      0       0      85        0.0%
BITBANK40           50      0       0      86        0.0%
BANK40              50      0       0      87        0.0%
BITBANK41           50      0       0      88        0.0%
BANK41              50      0       0      89        0.0%
BITBANK42           50      0       0      90        0.0%
BANK42              50      0       0      91        0.0%
BITBANK43           50      0       0      92        0.0%
BANK43              50      0       0      93        0.0%
BITBANK44           50      0       0      94        0.0%
BANK44              50      0       0      95        0.0%
BITBANK45           50      0       0      96        0.0%
BANK45              50      0       0      97        0.0%
BITBANK46           50      0       0      98        0.0%
BANK46              50      0       0      99        0.0%
BITBANK47           50      0       0     100        0.0%
BANK47              50      0       0     101        0.0%
BITBANK48           50      0       0     102        0.0%
BANK48              50      0       0     103        0.0%
BITBANK49           50      0       0     104        0.0%
BANK49              50      0       0     105        0.0%
BITBANK50           50      0       0     106        0.0%
BANK50              50      0       0     107        0.0%


Microchip Technology PIC Macro Assembler V2.41 build 20230208172133 
Symbol Table                                                                                   Sat Jul 08 21:20:04 2023

                     u10 07DE                       u11 07DD                       u20 07EB  
                     u21 07EA                       u30 07F2                       u31 07F0  
                     u40 07F3                       u57 07D5                       u67 07E1  
                    l630 07D1                      l640 07E7                      l632 07D2  
                    l642 07EB                      l634 07D9                      l626 07CD  
                    l644 07F9                      l636 07DE                      l628 07CF  
                    l638 07E5                      _RB0 0068                      wreg 0009  
                   _main 07CD                     btemp 007E                     start 0002  
                  ?_main 0070                    status 0003                    wtemp0 007E  
        __initialization 07FD             __end_of_main 07FD                   ??_main 0070  
                 _TRISB0 0090  __end_of__initialization 07FD           __pcstackCOMMON 0070  
             __pmaintext 07CD     end_of_initialization 07FD      start_initialization 07FD  
              ___latbits 0004                main@count 0072  
